<?xml version="1.0" encoding="UTF-8"?>
<robot generator="Robot 4.0.3 (Python 3.9.6 on win32)" generated="20210723 09:06:05.108" rpa="false" schemaversion="2">
<suite id="s1" name="Login2" source="C:\Users\thami\Desktop\Robot\Padrão\Tests\Login2.robot">
<test id="s1-t1" name="Cenario: Tela de Login">
<kw name="Dado que eu esteja na tela de Login" library="Login">
<kw name="Open Browser" library="SeleniumLibrary">
<arg>${GL_url}</arg>
<arg>chrome</arg>
<doc>Opens a new browser instance to the optional ``url``.</doc>
<msg timestamp="20210723 09:06:05.433" level="INFO">Opening browser 'chrome' to base url 'https://www.facebook.com/'.</msg>
<status status="PASS" starttime="20210723 09:06:05.433" endtime="20210723 09:06:08.441"/>
</kw>
<status status="PASS" starttime="20210723 09:06:05.432" endtime="20210723 09:06:08.441"/>
</kw>
<kw name="E preencha o campo com &quot;Thathaecharles@gmail.com&quot;" library="Login" sourcename="E preencha o campo com &quot;${email}&quot;">
<kw name="Set Test Variable" library="BuiltIn">
<arg>${email}</arg>
<doc>Makes a variable available everywhere within the scope of the current test.</doc>
<msg timestamp="20210723 09:06:08.443" level="INFO">${email} = Thathaecharles@gmail.com</msg>
<status status="PASS" starttime="20210723 09:06:08.443" endtime="20210723 09:06:08.444"/>
</kw>
<kw name="Input Text" library="SeleniumLibrary">
<arg>id:${Login_id_email}</arg>
<arg>${email}</arg>
<doc>Types the given ``text`` into the text field identified by ``locator``.</doc>
<msg timestamp="20210723 09:06:08.444" level="INFO">Typing text 'Thathaecharles@gmail.com' into text field 'id:email'.</msg>
<status status="PASS" starttime="20210723 09:06:08.444" endtime="20210723 09:06:08.623"/>
</kw>
<status status="PASS" starttime="20210723 09:06:08.442" endtime="20210723 09:06:08.623"/>
</kw>
<kw name="E preencha o campo com a &quot;98976963&quot;" library="Login" sourcename="E preencha o campo com a &quot;${senha}&quot;">
<kw name="Set Test Variable" library="BuiltIn">
<arg>${senha}</arg>
<doc>Makes a variable available everywhere within the scope of the current test.</doc>
<msg timestamp="20210723 09:06:08.625" level="INFO">${senha} = 98976963</msg>
<status status="PASS" starttime="20210723 09:06:08.625" endtime="20210723 09:06:08.625"/>
</kw>
<kw name="Input Text" library="SeleniumLibrary">
<arg>id:${Login_id_pass}</arg>
<arg>${senha}</arg>
<doc>Types the given ``text`` into the text field identified by ``locator``.</doc>
<msg timestamp="20210723 09:06:08.626" level="INFO">Typing text '98976963' into text field 'id:pass'.</msg>
<status status="PASS" starttime="20210723 09:06:08.626" endtime="20210723 09:06:08.784"/>
</kw>
<status status="PASS" starttime="20210723 09:06:08.624" endtime="20210723 09:06:08.785"/>
</kw>
<kw name="Quando clico em Entrar" library="Login">
<kw name="Click Element" library="SeleniumLibrary">
<arg>xpath:${Login_xpath_Entrar}</arg>
<doc>Click the element identified by ``locator``.</doc>
<msg timestamp="20210723 09:06:08.787" level="INFO">Clicking element 'xpath://button[text()='Entrar']'.</msg>
<status status="PASS" starttime="20210723 09:06:08.786" endtime="20210723 09:06:08.862"/>
</kw>
<status status="PASS" starttime="20210723 09:06:08.785" endtime="20210723 09:06:08.862"/>
</kw>
<kw name="Então o sistema retorna a tela com &quot;Thamires Fernandes&quot;" library="Login" sourcename="Então o sistema retorna a tela com &quot;${NomeDoUsuario}&quot;">
<kw name="Set Test Variable" library="BuiltIn">
<arg>${NomeDoUsuario}</arg>
<doc>Makes a variable available everywhere within the scope of the current test.</doc>
<msg timestamp="20210723 09:06:08.864" level="INFO">${NomeDoUsuario} = Thamires Fernandes</msg>
<status status="PASS" starttime="20210723 09:06:08.863" endtime="20210723 09:06:08.864"/>
</kw>
<kw name="Page Should Contain" library="SeleniumLibrary">
<arg>${NomeDoUsuario}</arg>
<doc>Verifies that current page contains ``text``.</doc>
<msg timestamp="20210723 09:06:17.648" level="INFO">Current page contains text 'Thamires Fernandes'.</msg>
<status status="PASS" starttime="20210723 09:06:08.864" endtime="20210723 09:06:17.648"/>
</kw>
<status status="PASS" starttime="20210723 09:06:08.863" endtime="20210723 09:06:17.649"/>
</kw>
<kw name="Encerrrar sessão" library="Login" type="TEARDOWN">
<kw name="Capture Page Screenshot" library="SeleniumLibrary">
<doc>Takes a screenshot of the current page and embeds it into a log file.</doc>
<msg timestamp="20210723 09:06:18.125" level="INFO" html="true">&lt;/td&gt;&lt;/tr&gt;&lt;tr&gt;&lt;td colspan="3"&gt;&lt;a href="selenium-screenshot-12.png"&gt;&lt;img src="selenium-screenshot-12.png" width="800px"&gt;&lt;/a&gt;</msg>
<status status="PASS" starttime="20210723 09:06:17.650" endtime="20210723 09:06:18.125"/>
</kw>
<kw name="Close Browser" library="SeleniumLibrary">
<doc>Closes the current browser.</doc>
<status status="PASS" starttime="20210723 09:06:18.125" endtime="20210723 09:06:18.376"/>
</kw>
<status status="PASS" starttime="20210723 09:06:17.649" endtime="20210723 09:06:18.377"/>
</kw>
<status status="PASS" starttime="20210723 09:06:05.431" endtime="20210723 09:06:18.377"/>
</test>
<status status="PASS" starttime="20210723 09:06:05.111" endtime="20210723 09:06:18.379"/>
</suite>
<statistics>
<total>
<stat pass="1" fail="0" skip="0">All Tests</stat>
</total>
<tag>
</tag>
<suite>
<stat pass="1" fail="0" skip="0" id="s1" name="Login2">Login2</stat>
</suite>
</statistics>
<errors>
</errors>
</robot>
